<?xml version="1.0" encoding="UTF-8"?>
<!-- Generated by org.testng.reporters.JUnitReportReporter -->
<testsuite hostname="RAJ" failures="0" tests="4" name="com.dollardays.testcases.SearchTestcase" time="39.140" errors="1" timestamp="2021-01-09T00:39:04 EST" skipped="3">
  <testcase classname="com.dollardays.testcases.SearchTestcase" name="TC_01_searchWithValidDta" time="0.000">
    <skipped/>
  </testcase> <!-- TC_01_searchWithValidDta -->
  <system-out/>
  <testcase classname="com.dollardays.testcases.SearchTestcase" name="setUpBrowser" time="39.140">
    <error message="Driver Not Found" type="java.lang.Exception">
      <![CDATA[java.lang.Exception: Driver Not Found
at com.dollardays.testcases.BaseTest.openBrowser(BaseTest.java:95)
at com.dollardays.testcases.BaseTest.setUpBrowser(BaseTest.java:117)
at java.base/jdk.internal.reflect.NativeMethodAccessorImpl.invoke0(Native Method)
at java.base/jdk.internal.reflect.NativeMethodAccessorImpl.invoke(NativeMethodAccessorImpl.java:62)
at java.base/jdk.internal.reflect.DelegatingMethodAccessorImpl.invoke(DelegatingMethodAccessorImpl.java:43)
at java.base/java.lang.reflect.Method.invoke(Method.java:564)
at org.testng.internal.MethodInvocationHelper.invokeMethod(MethodInvocationHelper.java:132)
at org.testng.internal.MethodInvocationHelper.invokeMethodConsideringTimeout(MethodInvocationHelper.java:61)
at org.testng.internal.ConfigInvoker.invokeConfigurationMethod(ConfigInvoker.java:366)
at org.testng.internal.ConfigInvoker.invokeConfigurations(ConfigInvoker.java:320)
at org.testng.internal.TestInvoker.runConfigMethods(TestInvoker.java:701)
at org.testng.internal.TestInvoker.invokeMethod(TestInvoker.java:527)
at org.testng.internal.TestInvoker.invokeTestMethod(TestInvoker.java:174)
at org.testng.internal.MethodRunner.runInSequence(MethodRunner.java:46)
at org.testng.internal.TestInvoker$MethodInvocationAgent.invoke(TestInvoker.java:822)
at org.testng.internal.TestInvoker.invokeTestMethods(TestInvoker.java:147)
at org.testng.internal.TestMethodWorker.invokeTestMethods(TestMethodWorker.java:146)
at org.testng.internal.TestMethodWorker.run(TestMethodWorker.java:128)
at java.base/java.util.ArrayList.forEach(ArrayList.java:1511)
at org.testng.TestRunner.privateRun(TestRunner.java:764)
at org.testng.TestRunner.run(TestRunner.java:585)
at org.testng.SuiteRunner.runTest(SuiteRunner.java:384)
at org.testng.SuiteRunner.runSequentially(SuiteRunner.java:378)
at org.testng.SuiteRunner.privateRun(SuiteRunner.java:337)
at org.testng.SuiteRunner.run(SuiteRunner.java:286)
at org.testng.SuiteRunnerWorker.runSuite(SuiteRunnerWorker.java:53)
at org.testng.SuiteRunnerWorker.run(SuiteRunnerWorker.java:96)
at org.testng.TestNG.runSuitesSequentially(TestNG.java:1218)
at org.testng.TestNG.runSuitesLocally(TestNG.java:1140)
at org.testng.TestNG.runSuites(TestNG.java:1069)
at org.testng.TestNG.run(TestNG.java:1037)
at org.testng.remote.AbstractRemoteTestNG.run(AbstractRemoteTestNG.java:115)
at org.testng.remote.RemoteTestNG.initAndRun(RemoteTestNG.java:251)
at org.testng.remote.RemoteTestNG.main(RemoteTestNG.java:77)
]]>
    </error>
  </testcase> <!-- setUpBrowser -->
  <system-out/>
  <testcase classname="com.dollardays.testcases.SearchTestcase" name="TC_03_searchPageWithNavigationLinks" time="0.000">
    <skipped/>
  </testcase> <!-- TC_03_searchPageWithNavigationLinks -->
  <system-out/>
  <testcase classname="com.dollardays.testcases.SearchTestcase" name="TC_02_searchWithInvalidDta" time="0.000">
    <skipped/>
  </testcase> <!-- TC_02_searchWithInvalidDta -->
  <system-out/>
</testsuite> <!-- com.dollardays.testcases.SearchTestcase -->
